Installing packages into ‘/opt/homebrew/lib/R/4.5/site-library’
(as ‘lib’ is unspecified)
also installing the dependency ‘GPArotation’

trying URL 'https://cloud.r-project.org/src/contrib/GPArotation_2025.3-1.tar.gz'
trying URL 'https://cloud.r-project.org/src/contrib/semTools_0.5-7.tar.gz'
trying URL 'https://cloud.r-project.org/src/contrib/psych_2.5.6.tar.gz'
* installing *source* package ‘GPArotation’ ...
** this is package ‘GPArotation’ version ‘2025.3-1’
** package ‘GPArotation’ successfully unpacked and MD5 sums checked
** using staged installation
** R
** data
*** moving datasets to lazyload DB
** inst
** byte-compile and prepare package for lazy loading
** help
*** installing help indices
** building package indices
** installing vignettes
** testing if installed package can be loaded from temporary location
** testing if installed package can be loaded from final location
** testing if installed package keeps a record of temporary installation path
* DONE (GPArotation)
* installing *source* package ‘semTools’ ...
** this is package ‘semTools’ version ‘0.5-7’
** package ‘semTools’ successfully unpacked and MD5 sums checked
** using staged installation
** R
** data
*** moving datasets to lazyload DB
** inst
** byte-compile and prepare package for lazy loading
** help
*** installing help indices
** building package indices
** installing vignettes
** testing if installed package can be loaded from temporary location
** testing if installed package can be loaded from final location
** testing if installed package keeps a record of temporary installation path
* DONE (semTools)
* installing *source* package ‘psych’ ...
** this is package ‘psych’ version ‘2.5.6’
** package ‘psych’ successfully unpacked and MD5 sums checked
** using staged installation
** R
** data
*** moving datasets to lazyload DB
** inst
** byte-compile and prepare package for lazy loading
** help
*** installing help indices
** building package indices
** installing vignettes
** testing if installed package can be loaded from temporary location
** testing if installed package can be loaded from final location
** testing if installed package keeps a record of temporary installation path
* DONE (psych)

The downloaded source packages are in
	‘/private/var/folders/b7/007cmb995md31r8bsp8j159rp3y38h/T/RtmpxaYGiD/downloaded_packages’
Reading: /Users/jjohnson3/StatsFullData.sav 
Variables in SAV (first 200 chars):
ACDACT01, ACDACT02, ACDACT03, ACDACT04, ACDACT05, ACDACT06, ACDACT07, ACDACT08, ACDACT09, ACDACT10, ACDACT11, ACDACT12, ACDACT13, ACDACT14, ACDACT15, ACDACT16, ACDACT17, ACDACT18, ACERECODE, ACTCOMP, AGE, AID01, AID02, AID03, AID04, AID05, AID06, AID07, AID08, AID09, AID10, AID11, AID12, AID13, AID14, AID15, AID16, AID17, AID18, AID19, AID20, CHOICE, CHOOSE01, CHOOSE02, CHOOSE03, CHOOSE04, CHOOSE05, CHOOSE06, CHOOSE07, CHOOSE08, CHOOSE09, CHOOSE10, CHOOSE11, CHOOSE12, CHOOSE13, CHOOSE14, CHOOSE15, CHOOSE16, CHOOSE17, CHOOSE18, CHOOSE19, CHOOSE20, CHOOSE21, CHOOSE22, CHOOSE23, CITIZEN, COLACT01, COLACT02, COLACT03, COLACT04, COLACT05, COLACT06, COLACT07, COLACT08, COLACT09, COLACT10, COLACT11, COLACT12, COLACT13, COLACT14, COLACT15, COLACT16, COLACT17, COLACT18, COLACT19, COLACT20, COLACT21, COLLGPA, CRED1, CRED2, CRED3, CSCOURSE, CSCREQ, CSCTYPE1, CSCTYPE2, CSCTYPE3, CSCTYPE4, CSCTYPE5, CSSASP, CSSCARA, CSSCARD, CSSENGSP, CSSHPW01, CSSHPW02, CSSHPW03, CSSHPW04, CSSHPW05, CSSHPW06, CSSHPW07, CSSHPW08, CSSHPW09, CSSHPW10, CSSHPW11, CSSHPW12, CSSHPW13, CSSHPW14, CSSHPW15, CSSHREG, CSSICONT, CSSIRACE, CSSISEX, CSSITYPE, CSSMAJA, CSSMAJD, CSSOBJ01, CSSOBJ02, CSSOBJ03, CSSOBJ04, CSSOBJ05, CSSOBJ06, CSSOBJ07, CSSOBJ08, CSSOBJ09, CSSOBJ10, CSSOBJ11, CSSOBJ12, CSSOBJ13, CSSOBJ14, CSSOBJ15, CSSOBJ16, CSSOBJ17, CSSOBJ18, CSSOBJ19, CSSOBJ20, CSSOEREG, CSSOREG, CSSPLN01, CSSPLN02, CSSPLN03, CSSPLN04, CSSPLN05, CSSPLN06, CSSPLN07, CSSPLN08, CSSPLN09, CSSPLN10, CSSPLN11, CSSPLN12, CSSPOLVW, CSSRACE1, CSSRACE2, CSSRACE3, CSSRACE4, CSSRACE5, CSSRACE6, CSSRACE7, CSSRACE8, CSSRACE9, CSSRAT01, CSSRAT02, CSSRAT03, CSSRAT04, CSSRAT05, CSSRAT06, CSSRAT07, CSSRAT08, CSSRAT09, CSSRAT10, CSSRAT11, CSSRAT12, CSSRAT13, CSSRAT14, CSSRAT15, CSSRAT16, CSSRAT17, CSSRAT18, CSSRAT19, CSSRAT20, CSSRLGD, CSSSEL, CSSSEX, CSSSTATE, CSSSTRAT, CSSVWS01, CSSVWS02, CSSVWS03, CSSVWS04, CSSVWS05, CSSVWS06, CSSVWS07, CSSVWS08, CSSVWS09, CSSVWS10, CSSVWS11, CSSVWS12, CSSVWS13, CSSVWS14, CSSVWS15, CSSVWS16, CSVREQ, DEGEARN, DERIVE1, DERIVE2, DERIVE3, DERIVE4, DERIVE5, DERIVE6, DERIVE7, DERIVE8, DERIVE9, DISAB1, DISAB2, DISAB3, DISAB4, DISAB5, DISAB6, DISAB7, DISTHOME, ENROLL04, ENTER1ST, ENTERCUR, FACPRV01, FACPRV02, FACPRV03, FACPRV04, FACPRV05, FACPRV06, FACPRV07, FACPRV08, FACPRV09, FACPRV10, FACPRV11, FACPRV12, FACPRV13, FATHEDUC, FCAREERA, FCAREERD, FINCON, FRELIGD, FUTACT01, FUTACT02, FUTACT03, FUTACT04, FUTACT05, FUTACT06, FUTACT07, FUTACT08, FUTACT09, FUTACT10, FUTACT11, FUTACT12, FUTACT13, FUTACT14, FUTACT15, FUTACT16, FUTACT17, FUTACT18, FUTACT19, FUTACT20, FUTACT21, FUTACT22, GENACT01, GENACT02, GENACT03, GENACT04, GENACT05, GENACT06, GENACT07, GENACT08, GENACT09, GENACT10, GENACT11, GENACT12, GENACT13, GENACT14, GENACT15, GMAT, GRADMAJA, GRADMAJD, GRECOMP, GREQ, GREV, HADREM1, HADREM2, HADREM3, HADREM4, HADREM5, HADREM6, HADREM7, HIDEGHRE, HSGPA, INCOME, LOANAMT, LSAT, MARITAL, MCAREERA, MCAREERD, MCAT, MOTHEDUC, MRELIGD, NEEDREM1, NEEDREM2, NEEDREM3, NEEDREM4, NEEDREM5, NEEDREM6, NEEDREM7, NOCRED1, NOCRED2, NOCRED3, NUMAPPLY, PARSTAT, PERSCOMP, PLANLIVE, PREVCRED, REASON01, REASON02, REASON03, REASON04, REASON05, REASON06, REASON07, REASON08, REASON09, REASON10, REASON11, REASON12, REASON13, REENROLL, SATIS01, SATIS02, SATIS03, SATIS04, SATIS05, SATIS06, SATIS07, SATIS08, SATIS09, SATIS10, SATIS11, SATIS12, SATIS13, SATIS14, SATIS15, SATIS16, SATIS17, SATIS18, SATIS19, SATIS20, SATIS21, SATIS22, SATIS23, SATIS24, SATIS25, SATIS26, SATIS27, SATIS28, SATM, SATV, SIFACT01, SIFACT02, SIFACT03, SIFACT04, SIFACT05, SIFACT06, SIFACT07, SIFACT08, SIFACT09, SIFACT10, SIFACT11, SIFACT12, SIFACT13, SIFACT14, SIFACT15, SIFACT16, SIFACT17, SIFACT18, SIFACT19, SIFACT20, SIFACT21, SIFACT22, SIFACT23, SIFACT24, SIFACT25, SIFACT26, SIFACT27, SIFACT28, SIFASP, SIFCARA, SIFCARD, SIFENGSP, SIFGRP, SIFHPW01, SIFHPW02, SIFHPW03, SIFHPW04, SIFHPW05, SIFHPW06, SIFHPW07, SIFHPW08, SIFHPW09, SIFHPW10, SIFHPW11, SIFHPW12, SIFHPW13, SIFHREG, SIFICONT, SIFIRACE, SIFISEX, SIFITYPE, SIFMAJ11, SIFMAJA, SIFMAJD, SIFOBJ01, SIFOBJ02, SIFOBJ03, SIFOBJ04, SIFOBJ05, SIFOBJ06, SIFOBJ07, SIFOBJ08, SIFOBJ09, SIFOBJ10, SIFOBJ11, SIFOBJ12, SIFOBJ13, SIFOBJ14, SIFOBJ15, SIFOBJ16, SIFOBJ17, SIFOBJ18, SIFOBJ19, SIFOBJ20, SIFOEREG, SIFOREG, SIFPOLVW, SIFRACE1, SIFRACE2, SIFRACE3, SIFRACE4, SIFRACE5, SIFRACE6, SIFRACE7, SIFRACE8, SIFRAT01, SIFRAT02, SIFRAT03, SIFRAT04, SIFRAT05, SIFRAT06, SIFRAT07, SIFRAT08, SIFRAT09, SIFRAT10, SIFRAT11, SIFRAT12, SIFRAT13, SIFRAT14, SIFRAT15, SIFRAT16, SIFRAT17, SIFRAT18, SIFRAT19, SIFRAT20, SIFRLGD, SIFSEL, SIFSEX, SIFSTATE, SIFSTRAT, SIFVWS01, SIFVWS02, SIFVWS03, SIFVWS04, SIFVWS05, SIFVWS06, SIFVWS07, SIFVWS08, SIFVWS09, SIFVWS10, SIFVWS11, SIFVWS12, SIFVWS13, SIFVWS14, SIFVWS15, SIFVWS16, SLFCHG01, SLFCHG02, SLFCHG03, SLFCHG04, SLFCHG05, SLFCHG06, SLFCHG07, SLFCHG08, SLFCHG09, SLFCHG10, SLFCHG11, SLFCHG12, SLFCHG13, SLFCHG14, SLFCHG15, SLFCHG16, SLFCHG17, STUDSTAT, SUCCESS1, SUCCESS2, SUCCESS3, SUCCESS4, SUCCESS5, SUCCESS6, SUCCESS7, YRGRADHS, CSSVWSO4_R, CSSVWS04_R, StudOC, URMstud, Asian, White, AmInd, Latino, Black, RACEGROUP, CSSSTEM, CSSArtHuman, CSSSocSci, CSSBus, CSSOtherMAJ, CSSMAJGROUP, SIFSTEM, SIFArtHuman, SIFSocSci, SIFBus, SIFOtherMAJ, FrMAJGroup, DSstud_RC, ACTavrgs_RC, SATverb_RC, SATmath_RC, ACThiAch_RC, HighAchv_RC, TESTmathSAT_RC, TESTverbSAT, HSGPA_RC, FATHEDUC_RC, MOTHEDUC_RC, PLANLIVE_RC, COLLGPA_RC, CompHighAchv_RC, ZSATM, ZSATV, ZHSGPA, CompositeScore, HSAcaAchv_Comp, INCOME_RC, PlanLive2_RC, MAH_1, MAH_2, Outlier, ZINCOME, ZMOTHEDUC_RC, ZSIFRAT01, ZSIFRAT08, ZRACEGROUP, ZFATHEDUC_RC, ZHSAcaAchv_Comp, QCL_1, StudyHrs_RC, StudyHrsSlf_RC, FirstGen_RC, SUCCESS4_RC, COLACT02_RC, SIFENGSP_RC, GENACT04_RC, GENACT02_RC, GENACT05_RC, GENACT12_RC, IncomePar_RC, UndrRepStud_RC, USESTUDSER_RC, PRE_1, RES_1, ZPR_1, ZRE_1, LMCI_1, UMCI_1, PRE_2, RES_2, ZPR_2, ZRE_2, LMCI_2, UMCI_2, FINCON_RC, PRE_3, RES_3, ZPR_3, ZRE_3, LMCI_3, UMCI_3, SATIS28_RCccc, ZSUCCESS4_RC, ZSATIS28_RCccc, ZCOLLGPA, Adjustment_Success_Z, ZAdjustment_Success_Z, PRE_4, RES_4, ZPR_4, ZRE_4, LMCI_4, UMCI_4, SelfAcaAbility_RC, White_Students, RZAdjust, RAN001, RankZSuccess, AdjustSuccessZ_Winsor, ZPR_5, ZRE_5, ZPR_6, ZRE_6, PRE_5, RES_5, ZPR_7, ZRE_7, SEP_1, LMCI_5, UMCI_5, ID, pScore, matchdiff_, match_id, filter_$, pScoreTest 

Fitting CFA (WLSMV) on ordered indicators...
Error in dimnames(X) <- list(dn[[1L]], unlist(collabs[nc > 0], use.names = FALSE)) : 
  length of 'dimnames' [2] not equal to array extent
Calls: write.csv ... eval -> <Anonymous> -> as.matrix -> as.matrix.data.frame
Execution halted
